<?xml version="1.0" encoding="UTF-8"?>
<!-- Generated by org.testng.reporters.JUnitReportReporter -->
<testsuite hostname="DESKTOP-3EOJTAA" failures="0" tests="1" name="com.udemy.spring.springselenium.test.condition.CarTest" time="0.018" errors="0" timestamp="2021-06-26T14:40:15 COT" skipped="0">
  <testcase classname="com.udemy.spring.springselenium.test.condition.CarTest" name="cardTest" time="0.018"/>
  <system-out/>
</testsuite> <!-- com.udemy.spring.springselenium.test.condition.CarTest -->
